28.09.2023 10:36:30 - Started : 
28.09.2023 10:36:30 - main -> Старт(405856fa-be40-42bd-bad0-a0b8b9a78300) : 
28.09.2023 10:36:30 - main -> Начальная фаза(93228a1b-e83c-4e94-ab49-e77aac6a3899) : 
28.09.2023 10:36:30 - main -> Получить путь(da0db8d4-b31d-4980-9312-29c6ed8e873d) : 
28.09.2023 10:36:30 - main -> Получить путь(da0db8d4-b31d-4980-9312-29c6ed8e873d) : 
28.09.2023 10:36:30 - main -> Получить текущие дату и время(6a0f3826-a706-40ae-b15f-c06649a4d200) : 
28.09.2023 10:36:30 - main -> Получить текущие дату и время(6a0f3826-a706-40ae-b15f-c06649a4d200) : 
28.09.2023 10:36:30 - main -> Преобразовать дату и время в текст(3bc0c557-dd96-4b7e-ad33-e18329c3e6f1) : 
28.09.2023 10:36:30 - main -> Преобразовать дату и время в текст(3bc0c557-dd96-4b7e-ad33-e18329c3e6f1) : 
28.09.2023 10:36:30 - main -> Создать папку(be72e614-4a2a-4c9e-b1b3-ece7816b2ba5) : 
28.09.2023 10:36:30 - main -> Создать папку(be72e614-4a2a-4c9e-b1b3-ece7816b2ba5) : 
28.09.2023 10:36:30 - main -> Создать папку(d32ee3f4-b343-4920-ad09-61cf25a45f42) : 
28.09.2023 10:36:30 - main -> Создать папку(d32ee3f4-b343-4920-ad09-61cf25a45f42) : 
28.09.2023 10:36:30 - main -> Создать документ(2740585d-222b-41c0-b005-3de9efeecb50) : 
28.09.2023 10:36:30 - main -> Создать документ(2740585d-222b-41c0-b005-3de9efeecb50) : 
28.09.2023 10:36:30 - main -> Записать данные в диапазон(36608f99-1c40-4e93-bc16-e5ba808d7dc4) : 
28.09.2023 10:36:30 - main -> Записать данные в диапазон(36608f99-1c40-4e93-bc16-e5ba808d7dc4) : 
28.09.2023 10:36:30 - main -> Сохранить документ(bbd86a1c-c5b1-490a-888f-15ff0f0e47e6) : 
28.09.2023 10:36:30 - main -> Сохранить документ(bbd86a1c-c5b1-490a-888f-15ff0f0e47e6) : 
28.09.2023 10:36:30 - main -> Присвоить значение переменной(05fdb83a-f9d1-4d29-9c38-ee50435a3593) : 
28.09.2023 10:36:30 - main -> Присвоить значение переменной(05fdb83a-f9d1-4d29-9c38-ee50435a3593) : 
28.09.2023 10:36:30 - main -> Начальная фаза(93228a1b-e83c-4e94-ab49-e77aac6a3899) : 
28.09.2023 10:36:30 - main -> Процесс распознавания файлов(269f9e86-7248-492f-8452-29c7405b8338) : 
28.09.2023 10:36:30 - main -> Получить список файлов/папок(b7996615-8adb-4527-a589-aad1358916b4) : 
28.09.2023 10:36:30 - main -> Получить список файлов/папок(b7996615-8adb-4527-a589-aad1358916b4) : 
28.09.2023 10:36:30 - main -> Присвоить значение переменной(41a2971e-d890-4bf5-b696-3c69f346e170) : 
28.09.2023 10:36:30 - main -> Присвоить значение переменной(41a2971e-d890-4bf5-b696-3c69f346e170) : 
28.09.2023 10:36:31 - main -> Цикл Для каждого (Список)(a856ac55-d378-4f02-8293-b97789ce43ca) : 
28.09.2023 10:36:31 - main -> Лог(08ad8173-aeca-45c9-ad0b-030f3187ff05) : Распознавание документов. Осталосъ - 1
28.09.2023 10:36:31 - main -> Копировать файл/папку(c6464cc8-1ad2-475b-abf8-75cc4395b1d7) : 
28.09.2023 10:36:31 - main -> Копировать файл/папку(c6464cc8-1ad2-475b-abf8-75cc4395b1d7) : 
28.09.2023 10:36:31 - main -> Собрать документ из изображений(aaf04ca4-9773-4faa-b807-60f09ecbba9f) : 
28.09.2023 10:36:31 - main -> Собрать документ из изображений(aaf04ca4-9773-4faa-b807-60f09ecbba9f) : 
28.09.2023 10:36:31 - main -> Присвоить значение переменной(cea4f3c9-cc96-46c0-940f-689cd9193424) : 
28.09.2023 10:36:31 - main -> Присвоить значение переменной(cea4f3c9-cc96-46c0-940f-689cd9193424) : 
28.09.2023 10:36:31 - main -> Переместить файл/папку(d0977260-d5b7-4e7d-8d51-d8f7cfcedf49) : 
28.09.2023 10:36:31 - main -> Переместить файл/папку(d0977260-d5b7-4e7d-8d51-d8f7cfcedf49) : 
28.09.2023 10:36:31 - main -> Контейнер(3d4928e9-7559-42e2-923b-96a8b886c7e9) : 
28.09.2023 10:36:31 - main -> Получить текст со страницы (OCR)(e3da67a9-d31c-4fc2-bf86-2e0d2d6fbf7a) : 
28.09.2023 10:36:40 - main -> Получить текст со страницы (OCR)(e3da67a9-d31c-4fc2-bf86-2e0d2d6fbf7a) : 
28.09.2023 10:36:40 - main -> Шаблон 1(e83277ef-c5b2-4360-915c-346f64a9b270) : 
28.09.2023 10:36:40 - main -> Шаблон 1(e83277ef-c5b2-4360-915c-346f64a9b270) : Status: True
28.09.2023 10:36:40 - main -> Шаблон 1(e83277ef-c5b2-4360-915c-346f64a9b270) : 
28.09.2023 10:36:40 - main -> Шаблон 2(dda41734-e70b-4090-b984-640cf6ec570c) : 
28.09.2023 10:36:40 - main -> Шаблон 2(dda41734-e70b-4090-b984-640cf6ec570c) : Status: False
28.09.2023 10:36:40 - main -> Шаблон 2(dda41734-e70b-4090-b984-640cf6ec570c) : 
28.09.2023 10:36:40 - main -> Распознать по шаблону(94e94334-aee4-42e3-9759-9128697eb1ee) : 
28.09.2023 10:36:40 - main -> Распознать по шаблону(94e94334-aee4-42e3-9759-9128697eb1ee) : C:\rpa\scaner_\patterns\pattern_2_0.json
28.09.2023 10:37:00 - main -> Распознать по шаблону(94e94334-aee4-42e3-9759-9128697eb1ee) : 
28.09.2023 10:37:00 - main -> Присвоить значение переменной(b700ba7f-04c9-4d5d-aa79-78aeba7949aa) : 
28.09.2023 10:37:00 - main -> Присвоить значение переменной(b700ba7f-04c9-4d5d-aa79-78aeba7949aa) : 
28.09.2023 10:37:00 - main -> Контейнер(3d4928e9-7559-42e2-923b-96a8b886c7e9) : 
28.09.2023 10:37:00 - main -> Удалить файл/папку(1bba259d-5219-4c39-a78e-c5b807897c39) : 
28.09.2023 10:37:00 - main -> Удалить файл/папку(1bba259d-5219-4c39-a78e-c5b807897c39) : 
28.09.2023 10:37:00 - main -> Удалить элемент из словаря(b320668c-8d24-4678-b12b-21a09139838f) : 
28.09.2023 10:37:00 - main -> Удалить элемент из словаря(b320668c-8d24-4678-b12b-21a09139838f) : 
28.09.2023 10:37:00 - main -> Удалить элемент из словаря(90e09089-4149-4e1c-a263-ad7fe276cfaa) : 
28.09.2023 10:37:00 - main -> Удалить элемент из словаря(90e09089-4149-4e1c-a263-ad7fe276cfaa) : 
28.09.2023 10:37:00 - main -> Открыть документ(deadf5ed-cee6-4f63-ba33-9218a835f991) : 
28.09.2023 10:37:00 - main -> Открыть документ(deadf5ed-cee6-4f63-ba33-9218a835f991) : 
28.09.2023 10:37:00 - main -> Присвоить значение переменной(2e918535-6ea2-4475-9e2e-f56d84054179) : 
28.09.2023 10:37:00 - main -> Присвоить значение переменной(2e918535-6ea2-4475-9e2e-f56d84054179) : 
28.09.2023 10:37:00 - main -> Цикл Для каждого (Словарь)(22bd9c87-c44d-4c73-94f9-14c35042d176) : 
28.09.2023 10:37:00 - main -> Switch/Case(e7196333-d9e2-4d32-ad13-8e08b114feca) : 
28.09.2023 10:37:00 - main -> Switch/Case(e7196333-d9e2-4d32-ad13-8e08b114feca) : 
28.09.2023 10:37:00 - main -> Контейнер(15b4e491-3703-4b52-8c64-55c6a167eb2e) : 
28.09.2023 10:37:00 - main -> Switch/Case(e1e99b91-1663-4839-8daa-18f7d103c0f6) : 
28.09.2023 10:37:00 - main -> Switch/Case(e1e99b91-1663-4839-8daa-18f7d103c0f6) : 
28.09.2023 10:37:00 - main -> Выполнить выражение PowerShell(2f04e512-ebad-45e5-85b9-8b7f6d00a3a1) : 
28.09.2023 10:37:00 - main -> Выполнить выражение PowerShell(2f04e512-ebad-45e5-85b9-8b7f6d00a3a1) : 
28.09.2023 10:37:00 - main -> Контейнер(15b4e491-3703-4b52-8c64-55c6a167eb2e) : 
28.09.2023 10:37:00 - main -> Присвоить значение переменной(0e181239-ddf4-4a49-8bed-635e68472fb1) : 
28.09.2023 10:37:00 - main -> Присвоить значение переменной(0e181239-ddf4-4a49-8bed-635e68472fb1) : 
28.09.2023 10:37:00 - main -> Цикл Для каждого (Словарь)(22bd9c87-c44d-4c73-94f9-14c35042d176) : 
28.09.2023 10:37:00 - main -> Switch/Case(e7196333-d9e2-4d32-ad13-8e08b114feca) : 
28.09.2023 10:37:00 - main -> Switch/Case(e7196333-d9e2-4d32-ad13-8e08b114feca) : 
28.09.2023 10:37:00 - main -> Контейнер(5683b69f-3cd9-4bac-88b6-0de6ea063565) : 
28.09.2023 10:37:00 - main -> Присвоить значение переменной(dde0293c-85cf-456e-a17e-86490f5732f2) : 
28.09.2023 10:37:00 - main -> Присвоить значение переменной(dde0293c-85cf-456e-a17e-86490f5732f2) : 
28.09.2023 10:37:00 - main -> Условие(8fe427b1-767a-48b0-bef5-09a5129b71bb) : 
28.09.2023 10:37:00 - main -> Условие(8fe427b1-767a-48b0-bef5-09a5129b71bb) : 
28.09.2023 10:37:00 - main -> Присвоить значение переменной(18e43b04-1a5f-4663-87c1-e72eae8502e0) : 
28.09.2023 10:37:00 - main -> Присвоить значение переменной(18e43b04-1a5f-4663-87c1-e72eae8502e0) : 
28.09.2023 10:37:00 - main -> Контейнер(5683b69f-3cd9-4bac-88b6-0de6ea063565) : 
28.09.2023 10:37:00 - main -> Присвоить значение переменной(0e181239-ddf4-4a49-8bed-635e68472fb1) : 
28.09.2023 10:37:00 - main -> Присвоить значение переменной(0e181239-ddf4-4a49-8bed-635e68472fb1) : 
28.09.2023 10:37:00 - main -> Цикл Для каждого (Словарь)(22bd9c87-c44d-4c73-94f9-14c35042d176) : 
28.09.2023 10:37:00 - main -> Switch/Case(e7196333-d9e2-4d32-ad13-8e08b114feca) : 
28.09.2023 10:37:00 - main -> Switch/Case(e7196333-d9e2-4d32-ad13-8e08b114feca) : 
28.09.2023 10:37:00 - main -> Присвоить значение переменной(0e181239-ddf4-4a49-8bed-635e68472fb1) : 
28.09.2023 10:37:00 - main -> Присвоить значение переменной(0e181239-ddf4-4a49-8bed-635e68472fb1) : 
28.09.2023 10:37:00 - main -> Цикл Для каждого (Словарь)(22bd9c87-c44d-4c73-94f9-14c35042d176) : 
28.09.2023 10:37:00 - main -> Switch/Case(e7196333-d9e2-4d32-ad13-8e08b114feca) : 
28.09.2023 10:37:00 - main -> Switch/Case(e7196333-d9e2-4d32-ad13-8e08b114feca) : 
28.09.2023 10:37:00 - main -> Присвоить значение переменной(0e181239-ddf4-4a49-8bed-635e68472fb1) : 
28.09.2023 10:37:00 - main -> Присвоить значение переменной(0e181239-ddf4-4a49-8bed-635e68472fb1) : 
28.09.2023 10:37:00 - main -> Цикл Для каждого (Словарь)(22bd9c87-c44d-4c73-94f9-14c35042d176) : 
28.09.2023 10:37:00 - main -> Switch/Case(e7196333-d9e2-4d32-ad13-8e08b114feca) : 
28.09.2023 10:37:00 - main -> Switch/Case(e7196333-d9e2-4d32-ad13-8e08b114feca) : 
28.09.2023 10:37:00 - main -> Присвоить значение переменной(0e181239-ddf4-4a49-8bed-635e68472fb1) : 
28.09.2023 10:37:00 - main -> Присвоить значение переменной(0e181239-ddf4-4a49-8bed-635e68472fb1) : 
28.09.2023 10:37:00 - main -> Цикл Для каждого (Словарь)(22bd9c87-c44d-4c73-94f9-14c35042d176) : 
28.09.2023 10:37:00 - main -> Получить значение ячейки(4ffbf9f9-58eb-4e6a-ad56-b192359443be) : 
28.09.2023 10:37:00 - main -> Получить значение ячейки(4ffbf9f9-58eb-4e6a-ad56-b192359443be) : 
28.09.2023 10:37:00 - main -> Записать значение в ячейку(a1db78d1-da37-4a01-a17f-0800e8a43acd) : 
28.09.2023 10:37:00 - main -> Записать значение в ячейку(a1db78d1-da37-4a01-a17f-0800e8a43acd) : 
28.09.2023 10:37:00 - main -> Контейнер(8132d82b-bc9d-4932-b4ba-4d42d5f3c051) : 
28.09.2023 10:37:00 - main -> Получить значение ячейки(d95b0d1e-b901-4db3-988f-138c095e5c26) : 
28.09.2023 10:37:00 - main -> Получить значение ячейки(f9f89c52-8c5c-4df5-8a59-3216fad0a252) : 
28.09.2023 10:37:00 - main -> Переименовать файл/папку(482648e4-445a-4669-9e75-ef48d8b57d21) : 
28.09.2023 10:37:00 - main -> Сохранить документ(9ddc50ee-b3f2-4d37-8907-65de554ed9be) : 
28.09.2023 10:37:00 - main -> Сохранить документ(9ddc50ee-b3f2-4d37-8907-65de554ed9be) : 
28.09.2023 10:37:00 - main -> Контейнер(8132d82b-bc9d-4932-b4ba-4d42d5f3c051) : 
28.09.2023 10:37:00 - main -> Сохранить документ(a6c6ec0b-0284-458e-a567-b231c93823ee) : 
28.09.2023 10:37:00 - main -> Сохранить документ(a6c6ec0b-0284-458e-a567-b231c93823ee) : 
28.09.2023 10:37:00 - main -> Присвоить значение переменной(4bd3ce5c-d7cd-4bc2-8166-2ce27f902ac2) : 
28.09.2023 10:37:00 - main -> Присвоить значение переменной(4bd3ce5c-d7cd-4bc2-8166-2ce27f902ac2) : 
28.09.2023 10:37:00 - main -> Цикл Для каждого (Список)(a856ac55-d378-4f02-8293-b97789ce43ca) : 
28.09.2023 10:37:00 - main -> Лог(93e8745e-47a8-4a6a-b6be-63a6f52a4021) : Распознавание документов завершено.
28.09.2023 10:37:00 - main -> Пауза(3014b540-cbc8-421b-810e-ffcd2261053a) : 
28.09.2023 10:37:03 - main -> Пауза(3014b540-cbc8-421b-810e-ffcd2261053a) : 
28.09.2023 10:37:03 - main -> Процесс(3823c508-0a1c-4228-842b-419bea84e0ed) : 
28.09.2023 10:37:03 - main -> Процесс(3823c508-0a1c-4228-842b-419bea84e0ed) : 
28.09.2023 10:37:03 - 1C -> Старт(c84fbf03-4b99-479e-831d-2d5ce67d4e0d) : 
28.09.2023 10:37:03 - 1C -> Try/Catch(be1ac94b-5b88-48d6-a091-369ddcb5acac) : 
28.09.2023 10:37:03 - 1C -> Лог(9d5a6e77-f88f-4b04-a265-b114b637903d) : Запуск системы 1C
28.09.2023 10:37:03 - 1C -> Контейнер(403fdf1d-ac48-4f5a-9d56-f4a710a5d692) : 
28.09.2023 10:37:03 - 1C -> Остановить процесс(41076b16-1370-4e08-82b0-06e81eb1f5e0) : 
28.09.2023 10:37:03 - 1C -> Остановить процесс(41076b16-1370-4e08-82b0-06e81eb1f5e0) : 
28.09.2023 10:37:03 - 1C -> Запустить приложение(174934e8-b252-499b-a5f3-356e5ab89e5b) : 
28.09.2023 10:37:03 - 1C -> Запустить приложение(174934e8-b252-499b-a5f3-356e5ab89e5b) : 
28.09.2023 10:37:03 - 1C -> Клик мышкой(af8be602-5769-4659-9af5-4a707e397a62) : 
28.09.2023 10:37:04 - 1C -> Клик мышкой(af8be602-5769-4659-9af5-4a707e397a62) : 
28.09.2023 10:37:04 - 1C -> Ожидать появление(44e219a0-c0e8-42f8-afa5-c2778b8cae81) : 
28.09.2023 10:37:12 - 1C -> Ожидать появление(44e219a0-c0e8-42f8-afa5-c2778b8cae81) : 
28.09.2023 10:37:12 - 1C -> Нажать клавиши(2d0191ca-fa62-4b8a-a410-fc8e7e94aa2f) : 
28.09.2023 10:37:12 - 1C -> Нажать клавиши(2d0191ca-fa62-4b8a-a410-fc8e7e94aa2f) : 
28.09.2023 10:37:12 - 1C -> Присвоить значение переменной(4fd58831-32a7-45ab-a00a-80e0caf717dc) : 
28.09.2023 10:37:12 - 1C -> Присвоить значение переменной(4fd58831-32a7-45ab-a00a-80e0caf717dc) : 
28.09.2023 10:37:12 - 1C -> Контейнер(403fdf1d-ac48-4f5a-9d56-f4a710a5d692) : 
28.09.2023 10:37:12 - 1C -> Контейнер(8d318ce0-5dba-45a1-8307-6b17ba232db9) : 
28.09.2023 10:37:12 - 1C -> Ожидать появление(a52c6bf2-714c-436e-86be-ed915828b7d1) : 
28.09.2023 10:37:47 - 1C -> Ожидать появление(a52c6bf2-714c-436e-86be-ed915828b7d1) : 
28.09.2023 10:37:47 - 1C -> Клик мышкой(36e200f3-d88c-4d5c-ab91-8f9ca6dac422) : 
28.09.2023 10:37:48 - 1C -> Клик мышкой(36e200f3-d88c-4d5c-ab91-8f9ca6dac422) : 
28.09.2023 10:37:48 - 1C -> Клик мышкой(61cb6687-4028-4bc5-bc4a-79e61125b720) : 
28.09.2023 10:37:50 - 1C -> Клик мышкой(61cb6687-4028-4bc5-bc4a-79e61125b720) : 
28.09.2023 10:37:50 - 1C -> Клик мышкой(de07796a-e884-405a-aced-21b42cd6cd98) : 
28.09.2023 10:38:00 - 1C -> Клик мышкой(de07796a-e884-405a-aced-21b42cd6cd98) : 
28.09.2023 10:38:00 - 1C -> Клик мышкой(9f134c51-0d64-4623-baea-d6b9d3346cf6) : 
28.09.2023 10:38:01 - 1C -> Клик мышкой(9f134c51-0d64-4623-baea-d6b9d3346cf6) : 
28.09.2023 10:38:01 - 1C -> Нажать клавиши(34d2709c-ff4f-47c7-acda-316c70fbcf8b) : 
28.09.2023 10:38:02 - 1C -> Нажать клавиши(34d2709c-ff4f-47c7-acda-316c70fbcf8b) : 
28.09.2023 10:38:02 - 1C -> Нажать клавиши(cd35b37f-7521-423b-bc10-d023fd9a3631) : 
28.09.2023 10:38:07 - 1C -> Нажать клавиши(cd35b37f-7521-423b-bc10-d023fd9a3631) : 
28.09.2023 10:38:07 - 1C -> Клик мышкой(040544e0-c13d-40da-83d7-f22c04fbde68) : 
28.09.2023 10:38:07 - 1C -> Клик мышкой(040544e0-c13d-40da-83d7-f22c04fbde68) : 
28.09.2023 10:38:07 - 1C -> Клик мышкой(af954d5a-970c-4f02-b635-6e72f6c8beca) : 
28.09.2023 10:38:09 - 1C -> Клик мышкой(af954d5a-970c-4f02-b635-6e72f6c8beca) : 
28.09.2023 10:38:09 - 1C -> Клик мышкой(0899a715-3832-401c-a4ab-7b28a7b4a3e7) : 
28.09.2023 10:38:09 - 1C -> Клик мышкой(0899a715-3832-401c-a4ab-7b28a7b4a3e7) : 
28.09.2023 10:38:09 - 1C -> Нажать клавиши(6e140280-e5cd-43aa-ab80-b947694f5f62) : 
28.09.2023 10:38:11 - 1C -> Нажать клавиши(6e140280-e5cd-43aa-ab80-b947694f5f62) : 
28.09.2023 10:38:11 - 1C -> Клик мышкой(90ca1fb5-c1f0-478d-98dc-07be12de2a94) : 
28.09.2023 10:38:12 - 1C -> Клик мышкой(90ca1fb5-c1f0-478d-98dc-07be12de2a94) : 
28.09.2023 10:38:12 - 1C -> Контейнер(8d318ce0-5dba-45a1-8307-6b17ba232db9) : 
28.09.2023 10:38:12 - 1C -> Контейнер(81a5d12e-69f4-4105-a3df-d525db107c03) : 
28.09.2023 10:38:12 - 1C -> Открыть документ(2bec1d36-005d-48fd-901a-f6ebdaff1e33) : 
28.09.2023 10:38:12 - 1C -> Получить количество строк и столбцов(09bbc17c-9c8d-40ed-8939-933aa6d64bec) : 
28.09.2023 10:38:12 - 1C -> Получить количество строк и столбцов(09bbc17c-9c8d-40ed-8939-933aa6d64bec) : 
28.09.2023 10:38:12 - 1C -> Присвоить значение переменной(3e4fabc3-d49a-460b-bd0e-9dee61532345) : 
28.09.2023 10:38:12 - 1C -> Присвоить значение переменной(3e4fabc3-d49a-460b-bd0e-9dee61532345) : 
28.09.2023 10:38:12 - 1C -> Контейнер(81a5d12e-69f4-4105-a3df-d525db107c03) : 
28.09.2023 10:38:12 - 1C -> Загрузить Таблицу Данных(7bbbee44-b419-4087-b368-c196f748c6e7) : 
28.09.2023 10:38:12 - 1C -> Присвоить значение переменной(121dcc86-4702-42cd-aa61-2e7fc08df557) : 
28.09.2023 10:38:12 - 1C -> Присвоить значение переменной(121dcc86-4702-42cd-aa61-2e7fc08df557) : 
28.09.2023 10:38:12 - 1C -> Цикл Для каждого (Таблица Данных)(e6740686-4736-4d42-a36f-be93faf68c15) : 
28.09.2023 10:38:12 - 1C -> Цикл Для каждого (Таблица Данных)(e6740686-4736-4d42-a36f-be93faf68c15) : 
28.09.2023 10:38:12 - 1C -> Лог(60bb0e3d-5455-4bcb-92e8-0a31c57cc154) : Работа с системой 1С. Осталось - 1
28.09.2023 10:38:12 - 1C -> Условие(6cd7358d-2fb9-4ce6-868c-86e107e84545) : 
28.09.2023 10:38:12 - 1C -> Условие(6cd7358d-2fb9-4ce6-868c-86e107e84545) : 
28.09.2023 10:38:12 - 1C -> Условие(962ea92e-332f-4b14-a43c-b3ceb2e65872) : 
28.09.2023 10:38:12 - 1C -> Условие(962ea92e-332f-4b14-a43c-b3ceb2e65872) : 
28.09.2023 10:38:12 - 1C -> Условие(2219e285-135d-4919-9188-6ceddca7eccf) : 
28.09.2023 10:38:12 - 1C -> Условие(2219e285-135d-4919-9188-6ceddca7eccf) : 
28.09.2023 10:38:12 - 1C -> Условие(bdc59827-9d53-455c-b46f-10b440463b70) : 
28.09.2023 10:38:12 - 1C -> Условие(bdc59827-9d53-455c-b46f-10b440463b70) : 
28.09.2023 10:38:12 - 1C -> Условие(d2370c09-e0fb-4484-8d0d-2f9b6d29b8ca) : 
28.09.2023 10:38:12 - 1C -> Условие(d2370c09-e0fb-4484-8d0d-2f9b6d29b8ca) : 
28.09.2023 10:38:12 - 1C -> Ожидать появление(a35de3e1-b9b7-4c5f-8f6d-5abe2ba3c5f9) : 
28.09.2023 10:38:13 - 1C -> Ожидать появление(a35de3e1-b9b7-4c5f-8f6d-5abe2ba3c5f9) : 
28.09.2023 10:38:13 - 1C -> Клик мышкой(88e824b9-c8f7-48f4-9a2b-ff65583fc6c4) : 
28.09.2023 10:38:13 - 1C -> Клик мышкой(88e824b9-c8f7-48f4-9a2b-ff65583fc6c4) : 
28.09.2023 10:38:13 - 1C -> Нажать клавиши(1e253929-2cfc-4e25-ade3-df8641de4ba6) : 
28.09.2023 10:38:15 - 1C -> Нажать клавиши(1e253929-2cfc-4e25-ade3-df8641de4ba6) : 
28.09.2023 10:38:15 - 1C -> Клик мышкой(a44fab8d-f228-49d6-aff9-d8332d72fb7e) : 
28.09.2023 10:38:16 - 1C -> Клик мышкой(a44fab8d-f228-49d6-aff9-d8332d72fb7e) : 
28.09.2023 10:38:16 - 1C -> Клик мышкой(909d4673-bc56-4d29-be51-e868da0994bc) : 
28.09.2023 10:38:16 - 1C -> Клик мышкой(909d4673-bc56-4d29-be51-e868da0994bc) : 
28.09.2023 10:38:18 - 1C -> Клик мышкой(96d14a44-1171-48ff-999f-15d799a1adab) : 
28.09.2023 10:38:19 - 1C -> Клик мышкой(96d14a44-1171-48ff-999f-15d799a1adab) : 
28.09.2023 10:38:19 - 1C -> Нажать клавиши(8e1a79bb-3552-4629-9493-c6fa9562cae1) : 
28.09.2023 10:38:22 - 1C -> Нажать клавиши(8e1a79bb-3552-4629-9493-c6fa9562cae1) : 
28.09.2023 10:38:22 - 1C -> Нажать клавиши(24368c6f-4bc7-4304-92e5-d0862c3330bc) : 
28.09.2023 10:38:27 - 1C -> Нажать клавиши(24368c6f-4bc7-4304-92e5-d0862c3330bc) : 
28.09.2023 10:38:27 - 1C -> Клик мышкой(84d5876b-c3dc-4805-bd53-3b1bb51d1328) : 
28.09.2023 10:38:28 - 1C -> Клик мышкой(84d5876b-c3dc-4805-bd53-3b1bb51d1328) : 
28.09.2023 10:38:28 - 1C -> Ожидать исчезновение(35f78e01-bbf7-4afd-ac23-64aace684956) : 
28.09.2023 10:38:29 - 1C -> Ожидать исчезновение(35f78e01-bbf7-4afd-ac23-64aace684956) : 
28.09.2023 10:38:29 - 1C -> Извлечь данные(8086676c-b703-45b4-85bf-54a145c99869) : 
28.09.2023 10:38:32 - 1C -> Извлечь данные(8086676c-b703-45b4-85bf-54a145c99869) : 
28.09.2023 10:38:32 - 1C -> Присвоить значение переменной(afe6220e-9415-41ef-a7b2-b32904a4bbe6) : 
28.09.2023 10:38:32 - 1C -> Присвоить значение переменной(afe6220e-9415-41ef-a7b2-b32904a4bbe6) : 
28.09.2023 10:38:32 - 1C -> Условие(7ea02a0d-748c-4f4c-928e-09179cc443df) : 
28.09.2023 10:38:32 - 1C -> Условие(7ea02a0d-748c-4f4c-928e-09179cc443df) : 
28.09.2023 10:38:32 - 1C -> Клик мышкой(15f60fb5-7fb0-47bc-b769-89eda9cab940) : 
28.09.2023 10:38:33 - 1C -> Клик мышкой(15f60fb5-7fb0-47bc-b769-89eda9cab940) : 
28.09.2023 10:38:33 - 1C -> Клик мышкой(f6636c5f-b989-45f9-ae3e-088862cbd29e) : 
28.09.2023 10:38:34 - 1C -> Клик мышкой(f6636c5f-b989-45f9-ae3e-088862cbd29e) : 
28.09.2023 10:38:34 - 1C -> Ожидать появление(f97c542e-a312-42b6-96dc-9e4c0714fc89) : 
28.09.2023 10:38:36 - 1C -> Ожидать появление(f97c542e-a312-42b6-96dc-9e4c0714fc89) : 
28.09.2023 10:38:36 - 1C -> Контейнер(cfdc30e1-32bb-4364-a38e-5fdf31460c2a) : 
28.09.2023 10:38:36 - 1C -> Лог(ce4c3e0e-5379-4466-8037-7654f04ea100) : Работа с системой 1С. Осталось - 1
28.09.2023 10:38:36 - 1C -> Клик мышкой(52d021b4-9d99-485f-9218-c0dd0514f5f6) : 
28.09.2023 10:38:36 - 1C -> Клик мышкой(52d021b4-9d99-485f-9218-c0dd0514f5f6) : 
28.09.2023 10:38:36 - 1C -> Нажать клавиши(843eaddd-547e-451f-8e78-8f012e3f6988) : 
28.09.2023 10:38:37 - 1C -> Нажать клавиши(843eaddd-547e-451f-8e78-8f012e3f6988) : 
28.09.2023 10:38:37 - 1C -> Нажать клавиши(546bebb5-aad4-481d-829a-b6fbd4b38e2e) : 
28.09.2023 10:38:41 - 1C -> Нажать клавиши(546bebb5-aad4-481d-829a-b6fbd4b38e2e) : 
28.09.2023 10:38:41 - 1C -> Клик мышкой(19fd5b5a-d2ec-4798-9484-9f6f0fc12fcf) : 
28.09.2023 10:38:44 - 1C -> Клик мышкой(19fd5b5a-d2ec-4798-9484-9f6f0fc12fcf) : 
28.09.2023 10:38:44 - 1C -> Нажать клавиши(f76d598b-05c6-47de-9b1f-07f3eec7dd5d) : 
28.09.2023 10:38:46 - 1C -> Нажать клавиши(f76d598b-05c6-47de-9b1f-07f3eec7dd5d) : 
28.09.2023 10:38:46 - 1C -> Клик мышкой(a343db19-b3a9-4d13-95a1-9458a3ad0b99) : 
28.09.2023 10:38:48 - 1C -> Клик мышкой(a343db19-b3a9-4d13-95a1-9458a3ad0b99) : 
28.09.2023 10:38:48 - 1C -> Нажать клавиши(ad27f00a-7607-45fb-b897-144a8dbe3836) : 
28.09.2023 10:38:48 - 1C -> Нажать клавиши(ad27f00a-7607-45fb-b897-144a8dbe3836) : 
28.09.2023 10:38:48 - 1C -> Нажать клавиши(cc907da3-926f-4d40-8140-6122c54399b1) : 
28.09.2023 10:38:52 - 1C -> Нажать клавиши(cc907da3-926f-4d40-8140-6122c54399b1) : 
28.09.2023 10:38:52 - 1C -> Нажать клавиши(00d14f39-d0a1-4692-95c9-5ade5c119eff) : 
28.09.2023 10:38:55 - 1C -> Нажать клавиши(00d14f39-d0a1-4692-95c9-5ade5c119eff) : 
28.09.2023 10:38:55 - 1C -> Ожидать исчезновение(17bbe769-8102-4b5c-91fb-3832f1376610) : 
28.09.2023 10:38:55 - 1C -> Ожидать исчезновение(17bbe769-8102-4b5c-91fb-3832f1376610) : 
28.09.2023 10:38:55 - 1C -> Клик мышкой(bb283d9f-d49a-4edb-9caa-e8f34e90e760) : 
28.09.2023 10:38:56 - 1C -> Клик мышкой(bb283d9f-d49a-4edb-9caa-e8f34e90e760) : 
28.09.2023 10:38:56 - 1C -> Нажать клавиши(5bd16170-3699-455d-986e-563f9b579fab) : 
28.09.2023 10:38:56 - 1C -> Нажать клавиши(5bd16170-3699-455d-986e-563f9b579fab) : 
28.09.2023 10:38:56 - 1C -> Клик мышкой(90ede620-d02a-41c6-b732-1a4b38d249e0) : 
28.09.2023 10:38:57 - 1C -> Клик мышкой(90ede620-d02a-41c6-b732-1a4b38d249e0) : 
28.09.2023 10:38:57 - 1C -> Ожидать исчезновение(4a41d268-6252-407a-8f5d-6e005bb4c24e) : 
28.09.2023 10:38:57 - 1C -> Ожидать исчезновение(4a41d268-6252-407a-8f5d-6e005bb4c24e) : 
28.09.2023 10:38:57 - 1C -> Контейнер(90748e1b-539b-4ec7-90a6-61d47483dce9) : 
28.09.2023 10:38:57 - 1C -> Клик мышкой(4c590ceb-5f04-4143-a373-6350b5710451) : 
28.09.2023 10:38:57 - 1C -> Клик мышкой(4c590ceb-5f04-4143-a373-6350b5710451) : 
28.09.2023 10:38:57 - 1C -> Клик мышкой(69f977b0-b79d-44ea-a558-ccf18edb6c51) : 
28.09.2023 10:39:03 - 1C -> Клик мышкой(69f977b0-b79d-44ea-a558-ccf18edb6c51) : 
28.09.2023 10:39:03 - 1C -> Ожидать появление(9aab3835-d9f5-417f-b672-466585f9c2e5) : 
28.09.2023 10:39:06 - 1C -> Ожидать появление(9aab3835-d9f5-417f-b672-466585f9c2e5) : 
28.09.2023 10:39:06 - 1C -> Клик мышкой(10cf5beb-7ab4-446e-b524-d98eb7174f08) : 
28.09.2023 10:39:07 - 1C -> Клик мышкой(10cf5beb-7ab4-446e-b524-d98eb7174f08) : 
28.09.2023 10:39:07 - 1C -> Клик мышкой(b4467b1a-30c0-43bf-9817-90e40eada7dd) : 
28.09.2023 10:39:07 - 1C -> Клик мышкой(b4467b1a-30c0-43bf-9817-90e40eada7dd) : 
28.09.2023 10:39:07 - 1C -> Ожидать появление(66f083f6-10ca-4b18-ae63-19eefebc1fdb) : 
28.09.2023 10:39:08 - 1C -> Ожидать появление(66f083f6-10ca-4b18-ae63-19eefebc1fdb) : 
28.09.2023 10:39:08 - 1C -> Нажать клавиши(a0700290-c648-4a2c-b172-4e053e2b3ede) : 
28.09.2023 10:39:10 - 1C -> Нажать клавиши(a0700290-c648-4a2c-b172-4e053e2b3ede) : 
28.09.2023 10:39:10 - 1C -> Клик мышкой(7a9919c4-d035-4e24-868d-c0a682bd2678) : 
28.09.2023 10:39:10 - 1C -> Клик мышкой(7a9919c4-d035-4e24-868d-c0a682bd2678) : 
28.09.2023 10:39:10 - 1C -> Клик мышкой(13f90fc0-0973-41a3-97b0-9aeaff7809e7) : 
28.09.2023 10:39:12 - 1C -> Клик мышкой(13f90fc0-0973-41a3-97b0-9aeaff7809e7) : 
28.09.2023 10:39:12 - 1C -> Ожидать появление(25428d47-5623-4854-9d6f-a82c0ba98f68) : 
28.09.2023 10:39:12 - 1C -> Ожидать появление(25428d47-5623-4854-9d6f-a82c0ba98f68) : 
28.09.2023 10:39:12 - 1C -> Контейнер(90748e1b-539b-4ec7-90a6-61d47483dce9) : 
28.09.2023 10:39:12 - 1C -> Клик мышкой(cf06f17d-82e6-41b0-9bcd-8dad9ea6e174) : 
28.09.2023 10:39:13 - 1C -> Клик мышкой(cf06f17d-82e6-41b0-9bcd-8dad9ea6e174) : 
28.09.2023 10:39:13 - 1C -> Нажать клавиши(4e722925-75e0-49ca-a8b1-1e1bccc1800a) : 
28.09.2023 10:39:13 - 1C -> Нажать клавиши(4e722925-75e0-49ca-a8b1-1e1bccc1800a) : 
28.09.2023 10:39:13 - 1C -> Ожидать появление(e538f3c9-35bb-40bb-b00b-708dfd0e98a1) : 
28.09.2023 10:39:14 - 1C -> Ожидать появление(e538f3c9-35bb-40bb-b00b-708dfd0e98a1) : 
28.09.2023 10:39:14 - 1C -> Нажать клавиши(868576e3-d65a-4af1-82dd-d0eb163cc078) : 
28.09.2023 10:39:22 - 1C -> Нажать клавиши(868576e3-d65a-4af1-82dd-d0eb163cc078) : 
28.09.2023 10:39:22 - 1C -> Клик мышкой(b1ec73b1-5f2c-481e-bf55-278b9d13a5e1) : 
28.09.2023 10:39:22 - 1C -> Клик мышкой(b1ec73b1-5f2c-481e-bf55-278b9d13a5e1) : 
28.09.2023 10:39:22 - 1C -> Клик мышкой(46b38e65-0a0c-44d7-832a-e90396c1b34f) : 
28.09.2023 10:39:25 - 1C -> Клик мышкой(46b38e65-0a0c-44d7-832a-e90396c1b34f) : 
28.09.2023 10:39:25 - 1C -> Нажать клавиши(800da3a2-979c-49c9-956e-d40590bd2773) : 
28.09.2023 10:39:26 - 1C -> Нажать клавиши(800da3a2-979c-49c9-956e-d40590bd2773) : 
28.09.2023 10:39:26 - 1C -> Нажать клавиши(f2da45f0-730a-4d04-b8b1-a71d00207670) : 
28.09.2023 10:39:26 - 1C -> Нажать клавиши(f2da45f0-730a-4d04-b8b1-a71d00207670) : 
28.09.2023 10:39:26 - 1C -> Клик мышкой(d7424c18-edf2-4ea1-81e2-c71f220196b4) : 
28.09.2023 10:39:27 - 1C -> Клик мышкой(d7424c18-edf2-4ea1-81e2-c71f220196b4) : 
28.09.2023 10:39:27 - 1C -> Нажать клавиши(2a6f89ee-1d5d-4d8d-8cc7-62fb39ba18f9) : 
28.09.2023 10:39:28 - 1C -> Нажать клавиши(2a6f89ee-1d5d-4d8d-8cc7-62fb39ba18f9) : 
28.09.2023 10:39:28 - 1C -> Клик мышкой(d1e4079d-9dde-473b-bfb5-cffed5a425e4) : 
28.09.2023 10:39:28 - 1C -> Клик мышкой(d1e4079d-9dde-473b-bfb5-cffed5a425e4) : 
28.09.2023 10:39:28 - 1C -> Клик мышкой(36534076-cf2c-4a69-bad6-8f7d97b25484) : 
28.09.2023 10:39:29 - 1C -> Клик мышкой(36534076-cf2c-4a69-bad6-8f7d97b25484) : 
28.09.2023 10:39:29 - 1C -> Нажать клавиши(f7bc3ed7-96d9-4f19-8d54-99f04f76ec9e) : 
28.09.2023 10:39:29 - 1C -> Нажать клавиши(f7bc3ed7-96d9-4f19-8d54-99f04f76ec9e) : 
28.09.2023 10:39:29 - 1C -> Нажать клавиши(94afe682-7ccd-4865-ac68-61364e421a6f) : 
28.09.2023 10:39:34 - 1C -> Нажать клавиши(94afe682-7ccd-4865-ac68-61364e421a6f) : 
28.09.2023 10:39:34 - 1C -> Клик мышкой(a0182b87-620a-4275-a6c0-f00fc8e0f5d9) : 
28.09.2023 10:39:35 - 1C -> Клик мышкой(a0182b87-620a-4275-a6c0-f00fc8e0f5d9) : 
28.09.2023 10:39:35 - 1C -> Нажать клавиши(183197f9-b3da-4bff-ba1e-a330cc4d5774) : 
28.09.2023 10:39:39 - 1C -> Нажать клавиши(183197f9-b3da-4bff-ba1e-a330cc4d5774) : 
28.09.2023 10:39:39 - 1C -> Ожидать появление(aad17501-d1aa-4be6-a319-e2c36b3450f8) : 
28.09.2023 10:39:40 - 1C -> Ожидать появление(aad17501-d1aa-4be6-a319-e2c36b3450f8) : 
28.09.2023 10:39:40 - 1C -> Нажать клавиши(baa3e36a-66c7-4b28-9430-f42538725c89) : 
28.09.2023 10:39:45 - 1C -> Нажать клавиши(baa3e36a-66c7-4b28-9430-f42538725c89) : 
28.09.2023 10:39:45 - 1C -> Клик мышкой(cc17936f-6919-4c0c-860d-1b7004d8636d) : 
28.09.2023 10:39:46 - 1C -> Клик мышкой(cc17936f-6919-4c0c-860d-1b7004d8636d) : 
28.09.2023 10:39:46 - 1C -> Ожидать исчезновение(2e63b4f1-6c20-4dde-85b5-a4e7a198e280) : 
28.09.2023 10:39:46 - 1C -> Ожидать исчезновение(2e63b4f1-6c20-4dde-85b5-a4e7a198e280) : 
28.09.2023 10:39:46 - 1C -> Клик мышкой(fbb71d88-e056-4492-9998-b7190d907346) : 
28.09.2023 10:39:46 - 1C -> Клик мышкой(fbb71d88-e056-4492-9998-b7190d907346) : 
28.09.2023 10:39:46 - 1C -> Нажать клавиши(f5f107fd-10f3-4a6a-b820-61922ef5ef94) : 
28.09.2023 10:39:47 - 1C -> Нажать клавиши(f5f107fd-10f3-4a6a-b820-61922ef5ef94) : 
28.09.2023 10:39:47 - 1C -> Нажать клавиши(951a0524-3401-4dea-b0be-8301e5c2de75) : 
28.09.2023 10:39:51 - 1C -> Нажать клавиши(951a0524-3401-4dea-b0be-8301e5c2de75) : 
28.09.2023 10:39:51 - 1C -> Клик мышкой(a72ca497-dd34-4485-a12d-9580d026d710) : 
28.09.2023 10:39:51 - 1C -> Клик мышкой(a72ca497-dd34-4485-a12d-9580d026d710) : 
28.09.2023 10:39:51 - 1C -> Клик мышкой(142a1424-e300-4c3c-8c7d-42135e9ec40f) : 
28.09.2023 10:39:52 - 1C -> Клик мышкой(142a1424-e300-4c3c-8c7d-42135e9ec40f) : 
28.09.2023 10:39:52 - 1C -> Нажать клавиши(e15ba79f-fde5-4140-b5a6-59f0aa110d59) : 
28.09.2023 10:39:52 - 1C -> Нажать клавиши(e15ba79f-fde5-4140-b5a6-59f0aa110d59) : 
28.09.2023 10:39:52 - 1C -> Нажать клавиши(4fe40928-bc9e-48d9-8257-a507f77e7889) : 
28.09.2023 10:39:56 - 1C -> Нажать клавиши(4fe40928-bc9e-48d9-8257-a507f77e7889) : 
28.09.2023 10:39:56 - 1C -> Клик мышкой(f33e0ebf-d3a3-49bf-b33b-8fbf12a920b2) : 
28.09.2023 10:39:57 - 1C -> Клик мышкой(f33e0ebf-d3a3-49bf-b33b-8fbf12a920b2) : 
28.09.2023 10:39:57 - 1C -> Клик мышкой(04622da9-22cb-4f52-894d-aa332048b7be) : 
28.09.2023 10:39:57 - 1C -> Клик мышкой(04622da9-22cb-4f52-894d-aa332048b7be) : 
28.09.2023 10:39:57 - 1C -> Контейнер(cfdc30e1-32bb-4364-a38e-5fdf31460c2a) : 
28.09.2023 10:39:57 - 1C -> Контейнер(1448ae40-10a2-4d7c-84b5-b2f9e95950b1) : 
28.09.2023 10:39:57 - 1C -> Нажать клавиши(10dba4c7-4304-4ad0-830a-74efe740d030) : 
28.09.2023 10:39:59 - 1C -> Нажать клавиши(10dba4c7-4304-4ad0-830a-74efe740d030) : 
28.09.2023 10:39:59 - 1C -> Клик мышкой(05233fd9-5fd1-4e5d-b94a-5b3579cb4168) : 
28.09.2023 10:39:59 - 1C -> Клик мышкой(05233fd9-5fd1-4e5d-b94a-5b3579cb4168) : 
28.09.2023 10:39:59 - 1C -> Ожидать появление(ab275323-81e6-4757-a9dd-0d1a34ef93ec) : 
28.09.2023 10:40:01 - 1C -> Ожидать появление(ab275323-81e6-4757-a9dd-0d1a34ef93ec) : 
28.09.2023 10:40:01 - 1C -> Клик мышкой(be37009b-adbf-4cd5-8599-2aba18638c09) : 
28.09.2023 10:40:01 - 1C -> Клик мышкой(be37009b-adbf-4cd5-8599-2aba18638c09) : 
28.09.2023 10:40:01 - 1C -> Клик мышкой(24805cb9-0108-4c67-a58d-b2aa5519e0b4) : 
28.09.2023 10:40:02 - 1C -> Клик мышкой(24805cb9-0108-4c67-a58d-b2aa5519e0b4) : 
28.09.2023 10:40:02 - 1C -> Получить текущие дату и время(31bb68e3-09a7-4f98-9c56-1812eedd7fb6) : 
28.09.2023 10:40:02 - 1C -> Получить текущие дату и время(31bb68e3-09a7-4f98-9c56-1812eedd7fb6) : 
28.09.2023 10:40:02 - 1C -> Преобразовать дату и время в текст(c390472a-74fd-4c6f-8815-a1ea8ed09a1e) : 
28.09.2023 10:40:02 - 1C -> Преобразовать дату и время в текст(c390472a-74fd-4c6f-8815-a1ea8ed09a1e) : 
28.09.2023 10:40:02 - 1C -> Нажать клавиши(28189a62-476e-47a2-a7b9-e643392c4bd0) : 
28.09.2023 10:40:04 - 1C -> Нажать клавиши(28189a62-476e-47a2-a7b9-e643392c4bd0) : 
28.09.2023 10:40:04 - 1C -> Клик мышкой(51002835-a44b-4daf-b79c-d849a8fa43b7) : 
28.09.2023 10:40:04 - 1C -> Клик мышкой(51002835-a44b-4daf-b79c-d849a8fa43b7) : 
28.09.2023 10:40:05 - 1C -> Присвоить значение переменной(9b045eed-52b3-4ad6-bab3-eddc1c8fa790) : 
28.09.2023 10:40:05 - 1C -> Присвоить значение переменной(9b045eed-52b3-4ad6-bab3-eddc1c8fa790) : 
28.09.2023 10:40:05 - 1C -> Сохранить документ(828cbb6b-8520-4dba-95c2-b6da2e102a43) : 
28.09.2023 10:40:05 - 1C -> Сохранить документ(828cbb6b-8520-4dba-95c2-b6da2e102a43) : 
28.09.2023 10:40:05 - 1C -> Контейнер(1448ae40-10a2-4d7c-84b5-b2f9e95950b1) : 
28.09.2023 10:40:05 - 1C -> Присвоить значение переменной(43b213e3-53d5-4747-b6cf-2ff696545bd4) : 
28.09.2023 10:40:05 - 1C -> Присвоить значение переменной(43b213e3-53d5-4747-b6cf-2ff696545bd4) : 
28.09.2023 10:40:05 - 1C -> Цикл Для каждого (Таблица Данных)(e6740686-4736-4d42-a36f-be93faf68c15) : 
28.09.2023 10:40:05 - 1C -> Цикл Для каждого (Таблица Данных)(e6740686-4736-4d42-a36f-be93faf68c15) : 
28.09.2023 10:40:05 - 1C -> Лог(39322155-e989-479e-a025-cd920446ee4c) : Завершено
28.09.2023 10:40:05 - 1C -> Try/Catch(be1ac94b-5b88-48d6-a091-369ddcb5acac) : 
28.09.2023 10:40:05 - 1C -> Старт(c84fbf03-4b99-479e-831d-2d5ce67d4e0d) : 
28.09.2023 10:40:05 - 1C -> Конец(a080c3d4-ce9e-4b88-afca-e8dda4ffacda) : 00:03:34
